<?xml version="1.0" encoding="UTF-8"?>
<!-- Generated by org.testng.reporters.JUnitReportReporter -->
<testsuite skipped="0" hostname="JKTDESBLR176" name="script.LoginTest" tests="2" failures="0" timestamp="2020-01-31T17:29:12 IST" time="27.699" errors="0">
  <testcase name="DemoTest1" time="15.535" classname="script.LoginTest"/>
  <testcase name="DemoTest2" time="12.164" classname="script.LoginTest"/>
</testsuite> <!-- script.LoginTest -->
